The system is: MINGW64_NT-10.0-17134 - 3.0.7-338.x86_64 - unknown
Compiling the C compiler identification source file "CMakeCCompilerId.c" succeeded.
Compiler: /mingw64/bin/cc.exe 
Build flags: 
Id flags:  

The output was:
0


Compilation of the C compiler identification source "CMakeCCompilerId.c" produced "a.exe"

The C compiler identification is GNU, found in "/d/Gtk3/github/g2c-3/CMakeFiles/3.14.5/CompilerIdC/a.exe"

Determining if the C compiler works passed with the following output:
Change Dir: /d/Gtk3/github/g2c-3/CMakeFiles/CMakeTmp

Run Build Command(s):/usr/bin/make.exe cmTC_9c411/fast 
/usr/bin/make -f CMakeFiles/cmTC_9c411.dir/build.make CMakeFiles/cmTC_9c411.dir/build
make[1]: Entering directory '/d/Gtk3/github/g2c-3/CMakeFiles/CMakeTmp'
Building C object CMakeFiles/cmTC_9c411.dir/testCCompiler.c.obj
/mingw64/bin/cc.exe    -o CMakeFiles/cmTC_9c411.dir/testCCompiler.c.obj   -c /d/Gtk3/github/g2c-3/CMakeFiles/CMakeTmp/testCCompiler.c
Linking C executable cmTC_9c411
/usr/bin/cmake.exe -E cmake_link_script CMakeFiles/cmTC_9c411.dir/link.txt --verbose=1
/mingw64/bin/cc.exe      CMakeFiles/cmTC_9c411.dir/testCCompiler.c.obj  -o cmTC_9c411 
make[1]: Leaving directory '/d/Gtk3/github/g2c-3/CMakeFiles/CMakeTmp'


Detecting C compiler ABI info compiled with the following output:
Change Dir: /d/Gtk3/github/g2c-3/CMakeFiles/CMakeTmp

Run Build Command(s):/usr/bin/make.exe cmTC_8a29d/fast 
/usr/bin/make -f CMakeFiles/cmTC_8a29d.dir/build.make CMakeFiles/cmTC_8a29d.dir/build
make[1]: Entering directory '/d/Gtk3/github/g2c-3/CMakeFiles/CMakeTmp'
Building C object CMakeFiles/cmTC_8a29d.dir/CMakeCCompilerABI.c.obj
/mingw64/bin/cc.exe   -v -o CMakeFiles/cmTC_8a29d.dir/CMakeCCompilerABI.c.obj   -c /usr/share/cmake-3.14.5/Modules/CMakeCCompilerABI.c
Using built-in specs.
COLLECT_GCC=C:\msys64\mingw64\bin\cc.exe
Target: x86_64-w64-mingw32
Configured with: ../gcc-9.1.0/configure --prefix=/mingw64 --with-local-prefix=/mingw64/local --build=x86_64-w64-mingw32 --host=x86_64-w64-mingw32 --target=x86_64-w64-mingw32 --with-native-system-header-dir=/mingw64/x86_64-w64-mingw32/include --libexecdir=/mingw64/lib --enable-bootstrap --with-arch=x86-64 --with-tune=generic --enable-languages=c,lto,c++,fortran --enable-shared --enable-static --enable-libatomic --enable-threads=posix --enable-graphite --enable-fully-dynamic-string --enable-libstdcxx-filesystem-ts=yes --enable-libstdcxx-time=yes --disable-libstdcxx-pch --disable-libstdcxx-debug --disable-isl-version-check --enable-lto --enable-libgomp --disable-multilib --enable-checking=release --disable-rpath --disable-win32-registry --disable-nls --disable-werror --disable-symvers --enable-plugin --with-libiconv --with-system-zlib --with-gmp=/mingw64 --with-mpfr=/mingw64 --with-mpc=/mingw64 --with-isl=/mingw64 --with-pkgversion='Rev2, Built by MSYS2 project' --with-bugurl=https://sourceforge.net/projects/msys2 --with-gnu-as --with-gnu-ld
Thread model: posix
gcc version 9.1.0 (Rev2, Built by MSYS2 project) 
COLLECT_GCC_OPTIONS='-v' '-o' 'CMakeFiles/cmTC_8a29d.dir/CMakeCCompilerABI.c.obj' '-c' '-mtune=generic' '-march=x86-64'
 C:/msys64/mingw64/bin/../lib/gcc/x86_64-w64-mingw32/9.1.0/cc1.exe -quiet -v -iprefix C:/msys64/mingw64/bin/../lib/gcc/x86_64-w64-mingw32/9.1.0/ -D_REENTRANT C:/msys64/usr/share/cmake-3.14.5/Modules/CMakeCCompilerABI.c -quiet -dumpbase CMakeCCompilerABI.c -mtune=generic -march=x86-64 -auxbase-strip CMakeFiles/cmTC_8a29d.dir/CMakeCCompilerABI.c.obj -version -o C:\msys64\tmp\ccF46sMX.s
GNU C17 (Rev2, Built by MSYS2 project) version 9.1.0 (x86_64-w64-mingw32)
	compiled by GNU C version 9.1.0, GMP version 6.1.2, MPFR version 4.0.2, MPC version 1.1.0, isl version isl-0.21-GMP

GGC heuristics: --param ggc-min-expand=100 --param ggc-min-heapsize=131072
ignoring duplicate directory "C:/msys64/mingw64/lib/gcc/../../lib/gcc/x86_64-w64-mingw32/9.1.0/include"
ignoring nonexistent directory "C:/building/msys64/mingw64/include"
ignoring nonexistent directory "/mingw64/include"
ignoring duplicate directory "C:/msys64/mingw64/lib/gcc/../../lib/gcc/x86_64-w64-mingw32/9.1.0/include-fixed"
ignoring duplicate directory "C:/msys64/mingw64/lib/gcc/../../lib/gcc/x86_64-w64-mingw32/9.1.0/../../../../x86_64-w64-mingw32/include"
ignoring nonexistent directory "C:/building/msys64/mingw64/x86_64-w64-mingw32/include"
#include "..." search starts here:
#include <...> search starts here:
 C:/msys64/mingw64/bin/../lib/gcc/x86_64-w64-mingw32/9.1.0/include
 C:/msys64/mingw64/bin/../lib/gcc/x86_64-w64-mingw32/9.1.0/../../../../include
 C:/msys64/mingw64/bin/../lib/gcc/x86_64-w64-mingw32/9.1.0/include-fixed
 C:/msys64/mingw64/bin/../lib/gcc/x86_64-w64-mingw32/9.1.0/../../../../x86_64-w64-mingw32/include
End of search list.
GNU C17 (Rev2, Built by MSYS2 project) version 9.1.0 (x86_64-w64-mingw32)
	compiled by GNU C version 9.1.0, GMP version 6.1.2, MPFR version 4.0.2, MPC version 1.1.0, isl version isl-0.21-GMP

GGC heuristics: --param ggc-min-expand=100 --param ggc-min-heapsize=131072
Compiler executable checksum: 3be0a562f08bc060213f0e83b769b4b5
COLLECT_GCC_OPTIONS='-v' '-o' 'CMakeFiles/cmTC_8a29d.dir/CMakeCCompilerABI.c.obj' '-c' '-mtune=generic' '-march=x86-64'
 C:/msys64/mingw64/bin/../lib/gcc/x86_64-w64-mingw32/9.1.0/../../../../x86_64-w64-mingw32/bin/as.exe -v -o CMakeFiles/cmTC_8a29d.dir/CMakeCCompilerABI.c.obj C:\msys64\tmp\ccF46sMX.s
GNU assembler version 2.30 (x86_64-w64-mingw32) using BFD version (GNU Binutils) 2.30
COMPILER_PATH=C:/msys64/mingw64/bin/../lib/gcc/x86_64-w64-mingw32/9.1.0/;C:/msys64/mingw64/bin/../lib/gcc/;C:/msys64/mingw64/bin/../lib/gcc/x86_64-w64-mingw32/9.1.0/../../../../x86_64-w64-mingw32/bin/
LIBRARY_PATH=C:/msys64/mingw64/bin/../lib/gcc/x86_64-w64-mingw32/9.1.0/;C:/msys64/mingw64/bin/../lib/gcc/;C:/msys64/mingw64/bin/../lib/gcc/x86_64-w64-mingw32/9.1.0/../../../../x86_64-w64-mingw32/lib/../lib/;C:/msys64/mingw64/bin/../lib/gcc/x86_64-w64-mingw32/9.1.0/../../../../lib/;C:/msys64/mingw64/bin/../lib/gcc/x86_64-w64-mingw32/9.1.0/../../../../x86_64-w64-mingw32/lib/;C:/msys64/mingw64/bin/../lib/gcc/x86_64-w64-mingw32/9.1.0/../../../
COLLECT_GCC_OPTIONS='-v' '-o' 'CMakeFiles/cmTC_8a29d.dir/CMakeCCompilerABI.c.obj' '-c' '-mtune=generic' '-march=x86-64'
Linking C executable cmTC_8a29d
/usr/bin/cmake.exe -E cmake_link_script CMakeFiles/cmTC_8a29d.dir/link.txt --verbose=1
/mingw64/bin/cc.exe     -v CMakeFiles/cmTC_8a29d.dir/CMakeCCompilerABI.c.obj  -o cmTC_8a29d 
Using built-in specs.
COLLECT_GCC=C:\msys64\mingw64\bin\cc.exe
COLLECT_LTO_WRAPPER=C:/msys64/mingw64/bin/../lib/gcc/x86_64-w64-mingw32/9.1.0/lto-wrapper.exe
Target: x86_64-w64-mingw32
Configured with: ../gcc-9.1.0/configure --prefix=/mingw64 --with-local-prefix=/mingw64/local --build=x86_64-w64-mingw32 --host=x86_64-w64-mingw32 --target=x86_64-w64-mingw32 --with-native-system-header-dir=/mingw64/x86_64-w64-mingw32/include --libexecdir=/mingw64/lib --enable-bootstrap --with-arch=x86-64 --with-tune=generic --enable-languages=c,lto,c++,fortran --enable-shared --enable-static --enable-libatomic --enable-threads=posix --enable-graphite --enable-fully-dynamic-string --enable-libstdcxx-filesystem-ts=yes --enable-libstdcxx-time=yes --disable-libstdcxx-pch --disable-libstdcxx-debug --disable-isl-version-check --enable-lto --enable-libgomp --disable-multilib --enable-checking=release --disable-rpath --disable-win32-registry --disable-nls --disable-werror --disable-symvers --enable-plugin --with-libiconv --with-system-zlib --with-gmp=/mingw64 --with-mpfr=/mingw64 --with-mpc=/mingw64 --with-isl=/mingw64 --with-pkgversion='Rev2, Built by MSYS2 project' --with-bugurl=https://sourceforge.net/projects/msys2 --with-gnu-as --with-gnu-ld
Thread model: posix
gcc version 9.1.0 (Rev2, Built by MSYS2 project) 
COMPILER_PATH=C:/msys64/mingw64/bin/../lib/gcc/x86_64-w64-mingw32/9.1.0/;C:/msys64/mingw64/bin/../lib/gcc/;C:/msys64/mingw64/bin/../lib/gcc/x86_64-w64-mingw32/9.1.0/../../../../x86_64-w64-mingw32/bin/
LIBRARY_PATH=C:/msys64/mingw64/bin/../lib/gcc/x86_64-w64-mingw32/9.1.0/;C:/msys64/mingw64/bin/../lib/gcc/;C:/msys64/mingw64/bin/../lib/gcc/x86_64-w64-mingw32/9.1.0/../../../../x86_64-w64-mingw32/lib/../lib/;C:/msys64/mingw64/bin/../lib/gcc/x86_64-w64-mingw32/9.1.0/../../../../lib/;C:/msys64/mingw64/bin/../lib/gcc/x86_64-w64-mingw32/9.1.0/../../../../x86_64-w64-mingw32/lib/;C:/msys64/mingw64/bin/../lib/gcc/x86_64-w64-mingw32/9.1.0/../../../
COLLECT_GCC_OPTIONS='-v' '-o' 'cmTC_8a29d.exe' '-mtune=generic' '-march=x86-64'
 C:/msys64/mingw64/bin/../lib/gcc/x86_64-w64-mingw32/9.1.0/collect2.exe -plugin C:/msys64/mingw64/bin/../lib/gcc/x86_64-w64-mingw32/9.1.0/liblto_plugin-0.dll -plugin-opt=C:/msys64/mingw64/bin/../lib/gcc/x86_64-w64-mingw32/9.1.0/lto-wrapper.exe -plugin-opt=-fresolution=C:\msys64\tmp\ccHzUvJf.res -plugin-opt=-pass-through=-lmingw32 -plugin-opt=-pass-through=-lgcc -plugin-opt=-pass-through=-lgcc_eh -plugin-opt=-pass-through=-lmoldname -plugin-opt=-pass-through=-lmingwex -plugin-opt=-pass-through=-lmsvcrt -plugin-opt=-pass-through=-lpthread -plugin-opt=-pass-through=-ladvapi32 -plugin-opt=-pass-through=-lshell32 -plugin-opt=-pass-through=-luser32 -plugin-opt=-pass-through=-lkernel32 -plugin-opt=-pass-through=-lmingw32 -plugin-opt=-pass-through=-lgcc -plugin-opt=-pass-through=-lgcc_eh -plugin-opt=-pass-through=-lmoldname -plugin-opt=-pass-through=-lmingwex -plugin-opt=-pass-through=-lmsvcrt -m i386pep -Bdynamic -o cmTC_8a29d.exe C:/msys64/mingw64/bin/../lib/gcc/x86_64-w64-mingw32/9.1.0/../../../../x86_64-w64-mingw32/lib/../lib/crt2.o C:/msys64/mingw64/bin/../lib/gcc/x86_64-w64-mingw32/9.1.0/crtbegin.o -LC:/msys64/mingw64/bin/../lib/gcc/x86_64-w64-mingw32/9.1.0 -LC:/msys64/mingw64/bin/../lib/gcc -LC:/msys64/mingw64/bin/../lib/gcc/x86_64-w64-mingw32/9.1.0/../../../../x86_64-w64-mingw32/lib/../lib -LC:/msys64/mingw64/bin/../lib/gcc/x86_64-w64-mingw32/9.1.0/../../../../lib -LC:/msys64/mingw64/bin/../lib/gcc/x86_64-w64-mingw32/9.1.0/../../../../x86_64-w64-mingw32/lib -LC:/msys64/mingw64/bin/../lib/gcc/x86_64-w64-mingw32/9.1.0/../../.. CMakeFiles/cmTC_8a29d.dir/CMakeCCompilerABI.c.obj -lmingw32 -lgcc -lgcc_eh -lmoldname -lmingwex -lmsvcrt -lpthread -ladvapi32 -lshell32 -luser32 -lkernel32 -lmingw32 -lgcc -lgcc_eh -lmoldname -lmingwex -lmsvcrt C:/msys64/mingw64/bin/../lib/gcc/x86_64-w64-mingw32/9.1.0/../../../../x86_64-w64-mingw32/lib/../lib/default-manifest.o C:/msys64/mingw64/bin/../lib/gcc/x86_64-w64-mingw32/9.1.0/crtend.o
COLLECT_GCC_OPTIONS='-v' '-o' 'cmTC_8a29d.exe' '-mtune=generic' '-march=x86-64'
make[1]: Leaving directory '/d/Gtk3/github/g2c-3/CMakeFiles/CMakeTmp'


Parsed C implicit include dir info from above output: rv=done
  found start of include info
  found start of implicit include info
    add: [C:/msys64/mingw64/bin/../lib/gcc/x86_64-w64-mingw32/9.1.0/include]
    add: [C:/msys64/mingw64/bin/../lib/gcc/x86_64-w64-mingw32/9.1.0/../../../../include]
    add: [C:/msys64/mingw64/bin/../lib/gcc/x86_64-w64-mingw32/9.1.0/include-fixed]
    add: [C:/msys64/mingw64/bin/../lib/gcc/x86_64-w64-mingw32/9.1.0/../../../../x86_64-w64-mingw32/include]
  end of search list found
  skipping relative include dir [C:/msys64/mingw64/bin/../lib/gcc/x86_64-w64-mingw32/9.1.0/include]
  skipping relative include dir [C:/msys64/mingw64/bin/../lib/gcc/x86_64-w64-mingw32/9.1.0/../../../../include]
  skipping relative include dir [C:/msys64/mingw64/bin/../lib/gcc/x86_64-w64-mingw32/9.1.0/include-fixed]
  skipping relative include dir [C:/msys64/mingw64/bin/../lib/gcc/x86_64-w64-mingw32/9.1.0/../../../../x86_64-w64-mingw32/include]
  implicit include dirs: []


Parsed C implicit link information from above output:
  link line regex: [^( *|.*[/\])(ld\.exe|CMAKE_LINK_STARTFILE-NOTFOUND|([^/\]+-)?ld|collect2)[^/\]*( |$)]
  ignore line: [Change Dir: /d/Gtk3/github/g2c-3/CMakeFiles/CMakeTmp]
  ignore line: []
  ignore line: [Run Build Command(s):/usr/bin/make.exe cmTC_8a29d/fast ]
  ignore line: [/usr/bin/make -f CMakeFiles/cmTC_8a29d.dir/build.make CMakeFiles/cmTC_8a29d.dir/build]
  ignore line: [make[1]: Entering directory '/d/Gtk3/github/g2c-3/CMakeFiles/CMakeTmp']
  ignore line: [Building C object CMakeFiles/cmTC_8a29d.dir/CMakeCCompilerABI.c.obj]
  ignore line: [/mingw64/bin/cc.exe   -v -o CMakeFiles/cmTC_8a29d.dir/CMakeCCompilerABI.c.obj   -c /usr/share/cmake-3.14.5/Modules/CMakeCCompilerABI.c]
  ignore line: [Using built-in specs.]
  ignore line: [COLLECT_GCC=C:\msys64\mingw64\bin\cc.exe]
  ignore line: [Target: x86_64-w64-mingw32]
  ignore line: [Configured with: ../gcc-9.1.0/configure --prefix=/mingw64 --with-local-prefix=/mingw64/local --build=x86_64-w64-mingw32 --host=x86_64-w64-mingw32 --target=x86_64-w64-mingw32 --with-native-system-header-dir=/mingw64/x86_64-w64-mingw32/include --libexecdir=/mingw64/lib --enable-bootstrap --with-arch=x86-64 --with-tune=generic --enable-languages=c,lto,c++,fortran --enable-shared --enable-static --enable-libatomic --enable-threads=posix --enable-graphite --enable-fully-dynamic-string --enable-libstdcxx-filesystem-ts=yes --enable-libstdcxx-time=yes --disable-libstdcxx-pch --disable-libstdcxx-debug --disable-isl-version-check --enable-lto --enable-libgomp --disable-multilib --enable-checking=release --disable-rpath --disable-win32-registry --disable-nls --disable-werror --disable-symvers --enable-plugin --with-libiconv --with-system-zlib --with-gmp=/mingw64 --with-mpfr=/mingw64 --with-mpc=/mingw64 --with-isl=/mingw64 --with-pkgversion='Rev2, Built by MSYS2 project' --with-bugurl=https://sourceforge.net/projects/msys2 --with-gnu-as --with-gnu-ld]
  ignore line: [Thread model: posix]
  ignore line: [gcc version 9.1.0 (Rev2, Built by MSYS2 project) ]
  ignore line: [COLLECT_GCC_OPTIONS='-v' '-o' 'CMakeFiles/cmTC_8a29d.dir/CMakeCCompilerABI.c.obj' '-c' '-mtune=generic' '-march=x86-64']
  ignore line: [ C:/msys64/mingw64/bin/../lib/gcc/x86_64-w64-mingw32/9.1.0/cc1.exe -quiet -v -iprefix C:/msys64/mingw64/bin/../lib/gcc/x86_64-w64-mingw32/9.1.0/ -D_REENTRANT C:/msys64/usr/share/cmake-3.14.5/Modules/CMakeCCompilerABI.c -quiet -dumpbase CMakeCCompilerABI.c -mtune=generic -march=x86-64 -auxbase-strip CMakeFiles/cmTC_8a29d.dir/CMakeCCompilerABI.c.obj -version -o C:\msys64\tmp\ccF46sMX.s]
  ignore line: [GNU C17 (Rev2, Built by MSYS2 project) version 9.1.0 (x86_64-w64-mingw32)]
  ignore line: [	compiled by GNU C version 9.1.0, GMP version 6.1.2, MPFR version 4.0.2, MPC version 1.1.0, isl version isl-0.21-GMP]
  ignore line: []
  ignore line: [GGC heuristics: --param ggc-min-expand=100 --param ggc-min-heapsize=131072]
  ignore line: [ignoring duplicate directory "C:/msys64/mingw64/lib/gcc/../../lib/gcc/x86_64-w64-mingw32/9.1.0/include"]
  ignore line: [ignoring nonexistent directory "C:/building/msys64/mingw64/include"]
  ignore line: [ignoring nonexistent directory "/mingw64/include"]
  ignore line: [ignoring duplicate directory "C:/msys64/mingw64/lib/gcc/../../lib/gcc/x86_64-w64-mingw32/9.1.0/include-fixed"]
  ignore line: [ignoring duplicate directory "C:/msys64/mingw64/lib/gcc/../../lib/gcc/x86_64-w64-mingw32/9.1.0/../../../../x86_64-w64-mingw32/include"]
  ignore line: [ignoring nonexistent directory "C:/building/msys64/mingw64/x86_64-w64-mingw32/include"]
  ignore line: [#include "..." search starts here:]
  ignore line: [#include <...> search starts here:]
  ignore line: [ C:/msys64/mingw64/bin/../lib/gcc/x86_64-w64-mingw32/9.1.0/include]
  ignore line: [ C:/msys64/mingw64/bin/../lib/gcc/x86_64-w64-mingw32/9.1.0/../../../../include]
  ignore line: [ C:/msys64/mingw64/bin/../lib/gcc/x86_64-w64-mingw32/9.1.0/include-fixed]
  ignore line: [ C:/msys64/mingw64/bin/../lib/gcc/x86_64-w64-mingw32/9.1.0/../../../../x86_64-w64-mingw32/include]
  ignore line: [End of search list.]
  ignore line: [GNU C17 (Rev2, Built by MSYS2 project) version 9.1.0 (x86_64-w64-mingw32)]
  ignore line: [	compiled by GNU C version 9.1.0, GMP version 6.1.2, MPFR version 4.0.2, MPC version 1.1.0, isl version isl-0.21-GMP]
  ignore line: []
  ignore line: [GGC heuristics: --param ggc-min-expand=100 --param ggc-min-heapsize=131072]
  ignore line: [Compiler executable checksum: 3be0a562f08bc060213f0e83b769b4b5]
  ignore line: [COLLECT_GCC_OPTIONS='-v' '-o' 'CMakeFiles/cmTC_8a29d.dir/CMakeCCompilerABI.c.obj' '-c' '-mtune=generic' '-march=x86-64']
  ignore line: [ C:/msys64/mingw64/bin/../lib/gcc/x86_64-w64-mingw32/9.1.0/../../../../x86_64-w64-mingw32/bin/as.exe -v -o CMakeFiles/cmTC_8a29d.dir/CMakeCCompilerABI.c.obj C:\msys64\tmp\ccF46sMX.s]
  ignore line: [GNU assembler version 2.30 (x86_64-w64-mingw32) using BFD version (GNU Binutils) 2.30]
  ignore line: [COMPILER_PATH=C:/msys64/mingw64/bin/../lib/gcc/x86_64-w64-mingw32/9.1.0/]
  ignore line: [C:/msys64/mingw64/bin/../lib/gcc/]
  ignore line: [C:/msys64/mingw64/bin/../lib/gcc/x86_64-w64-mingw32/9.1.0/../../../../x86_64-w64-mingw32/bin/]
  ignore line: [LIBRARY_PATH=C:/msys64/mingw64/bin/../lib/gcc/x86_64-w64-mingw32/9.1.0/]
  ignore line: [C:/msys64/mingw64/bin/../lib/gcc/]
  ignore line: [C:/msys64/mingw64/bin/../lib/gcc/x86_64-w64-mingw32/9.1.0/../../../../x86_64-w64-mingw32/lib/../lib/]
  ignore line: [C:/msys64/mingw64/bin/../lib/gcc/x86_64-w64-mingw32/9.1.0/../../../../lib/]
  ignore line: [C:/msys64/mingw64/bin/../lib/gcc/x86_64-w64-mingw32/9.1.0/../../../../x86_64-w64-mingw32/lib/]
  ignore line: [C:/msys64/mingw64/bin/../lib/gcc/x86_64-w64-mingw32/9.1.0/../../../]
  ignore line: [COLLECT_GCC_OPTIONS='-v' '-o' 'CMakeFiles/cmTC_8a29d.dir/CMakeCCompilerABI.c.obj' '-c' '-mtune=generic' '-march=x86-64']
  ignore line: [Linking C executable cmTC_8a29d]
  ignore line: [/usr/bin/cmake.exe -E cmake_link_script CMakeFiles/cmTC_8a29d.dir/link.txt --verbose=1]
  ignore line: [/mingw64/bin/cc.exe     -v CMakeFiles/cmTC_8a29d.dir/CMakeCCompilerABI.c.obj  -o cmTC_8a29d ]
  ignore line: [Using built-in specs.]
  ignore line: [COLLECT_GCC=C:\msys64\mingw64\bin\cc.exe]
  ignore line: [COLLECT_LTO_WRAPPER=C:/msys64/mingw64/bin/../lib/gcc/x86_64-w64-mingw32/9.1.0/lto-wrapper.exe]
  ignore line: [Target: x86_64-w64-mingw32]
  ignore line: [Configured with: ../gcc-9.1.0/configure --prefix=/mingw64 --with-local-prefix=/mingw64/local --build=x86_64-w64-mingw32 --host=x86_64-w64-mingw32 --target=x86_64-w64-mingw32 --with-native-system-header-dir=/mingw64/x86_64-w64-mingw32/include --libexecdir=/mingw64/lib --enable-bootstrap --with-arch=x86-64 --with-tune=generic --enable-languages=c,lto,c++,fortran --enable-shared --enable-static --enable-libatomic --enable-threads=posix --enable-graphite --enable-fully-dynamic-string --enable-libstdcxx-filesystem-ts=yes --enable-libstdcxx-time=yes --disable-libstdcxx-pch --disable-libstdcxx-debug --disable-isl-version-check --enable-lto --enable-libgomp --disable-multilib --enable-checking=release --disable-rpath --disable-win32-registry --disable-nls --disable-werror --disable-symvers --enable-plugin --with-libiconv --with-system-zlib --with-gmp=/mingw64 --with-mpfr=/mingw64 --with-mpc=/mingw64 --with-isl=/mingw64 --with-pkgversion='Rev2, Built by MSYS2 project' --with-bugurl=https://sourceforge.net/projects/msys2 --with-gnu-as --with-gnu-ld]
  ignore line: [Thread model: posix]
  ignore line: [gcc version 9.1.0 (Rev2, Built by MSYS2 project) ]
  ignore line: [COMPILER_PATH=C:/msys64/mingw64/bin/../lib/gcc/x86_64-w64-mingw32/9.1.0/]
  ignore line: [C:/msys64/mingw64/bin/../lib/gcc/]
  ignore line: [C:/msys64/mingw64/bin/../lib/gcc/x86_64-w64-mingw32/9.1.0/../../../../x86_64-w64-mingw32/bin/]
  ignore line: [LIBRARY_PATH=C:/msys64/mingw64/bin/../lib/gcc/x86_64-w64-mingw32/9.1.0/]
  ignore line: [C:/msys64/mingw64/bin/../lib/gcc/]
  ignore line: [C:/msys64/mingw64/bin/../lib/gcc/x86_64-w64-mingw32/9.1.0/../../../../x86_64-w64-mingw32/lib/../lib/]
  ignore line: [C:/msys64/mingw64/bin/../lib/gcc/x86_64-w64-mingw32/9.1.0/../../../../lib/]
  ignore line: [C:/msys64/mingw64/bin/../lib/gcc/x86_64-w64-mingw32/9.1.0/../../../../x86_64-w64-mingw32/lib/]
  ignore line: [C:/msys64/mingw64/bin/../lib/gcc/x86_64-w64-mingw32/9.1.0/../../../]
  ignore line: [COLLECT_GCC_OPTIONS='-v' '-o' 'cmTC_8a29d.exe' '-mtune=generic' '-march=x86-64']
  link line: [ C:/msys64/mingw64/bin/../lib/gcc/x86_64-w64-mingw32/9.1.0/collect2.exe -plugin C:/msys64/mingw64/bin/../lib/gcc/x86_64-w64-mingw32/9.1.0/liblto_plugin-0.dll -plugin-opt=C:/msys64/mingw64/bin/../lib/gcc/x86_64-w64-mingw32/9.1.0/lto-wrapper.exe -plugin-opt=-fresolution=C:\msys64\tmp\ccHzUvJf.res -plugin-opt=-pass-through=-lmingw32 -plugin-opt=-pass-through=-lgcc -plugin-opt=-pass-through=-lgcc_eh -plugin-opt=-pass-through=-lmoldname -plugin-opt=-pass-through=-lmingwex -plugin-opt=-pass-through=-lmsvcrt -plugin-opt=-pass-through=-lpthread -plugin-opt=-pass-through=-ladvapi32 -plugin-opt=-pass-through=-lshell32 -plugin-opt=-pass-through=-luser32 -plugin-opt=-pass-through=-lkernel32 -plugin-opt=-pass-through=-lmingw32 -plugin-opt=-pass-through=-lgcc -plugin-opt=-pass-through=-lgcc_eh -plugin-opt=-pass-through=-lmoldname -plugin-opt=-pass-through=-lmingwex -plugin-opt=-pass-through=-lmsvcrt -m i386pep -Bdynamic -o cmTC_8a29d.exe C:/msys64/mingw64/bin/../lib/gcc/x86_64-w64-mingw32/9.1.0/../../../../x86_64-w64-mingw32/lib/../lib/crt2.o C:/msys64/mingw64/bin/../lib/gcc/x86_64-w64-mingw32/9.1.0/crtbegin.o -LC:/msys64/mingw64/bin/../lib/gcc/x86_64-w64-mingw32/9.1.0 -LC:/msys64/mingw64/bin/../lib/gcc -LC:/msys64/mingw64/bin/../lib/gcc/x86_64-w64-mingw32/9.1.0/../../../../x86_64-w64-mingw32/lib/../lib -LC:/msys64/mingw64/bin/../lib/gcc/x86_64-w64-mingw32/9.1.0/../../../../lib -LC:/msys64/mingw64/bin/../lib/gcc/x86_64-w64-mingw32/9.1.0/../../../../x86_64-w64-mingw32/lib -LC:/msys64/mingw64/bin/../lib/gcc/x86_64-w64-mingw32/9.1.0/../../.. CMakeFiles/cmTC_8a29d.dir/CMakeCCompilerABI.c.obj -lmingw32 -lgcc -lgcc_eh -lmoldname -lmingwex -lmsvcrt -lpthread -ladvapi32 -lshell32 -luser32 -lkernel32 -lmingw32 -lgcc -lgcc_eh -lmoldname -lmingwex -lmsvcrt C:/msys64/mingw64/bin/../lib/gcc/x86_64-w64-mingw32/9.1.0/../../../../x86_64-w64-mingw32/lib/../lib/default-manifest.o C:/msys64/mingw64/bin/../lib/gcc/x86_64-w64-mingw32/9.1.0/crtend.o]
    arg [C:/msys64/mingw64/bin/../lib/gcc/x86_64-w64-mingw32/9.1.0/collect2.exe] ==> ignore
    arg [-plugin] ==> ignore
    arg [C:/msys64/mingw64/bin/../lib/gcc/x86_64-w64-mingw32/9.1.0/liblto_plugin-0.dll] ==> ignore
    arg [-plugin-opt=C:/msys64/mingw64/bin/../lib/gcc/x86_64-w64-mingw32/9.1.0/lto-wrapper.exe] ==> ignore
    arg [-plugin-opt=-fresolution=C:msys64tmpccHzUvJf.res] ==> ignore
    arg [-plugin-opt=-pass-through=-lmingw32] ==> ignore
    arg [-plugin-opt=-pass-through=-lgcc] ==> ignore
    arg [-plugin-opt=-pass-through=-lgcc_eh] ==> ignore
    arg [-plugin-opt=-pass-through=-lmoldname] ==> ignore
    arg [-plugin-opt=-pass-through=-lmingwex] ==> ignore
    arg [-plugin-opt=-pass-through=-lmsvcrt] ==> ignore
    arg [-plugin-opt=-pass-through=-lpthread] ==> ignore
    arg [-plugin-opt=-pass-through=-ladvapi32] ==> ignore
    arg [-plugin-opt=-pass-through=-lshell32] ==> ignore
    arg [-plugin-opt=-pass-through=-luser32] ==> ignore
    arg [-plugin-opt=-pass-through=-lkernel32] ==> ignore
    arg [-plugin-opt=-pass-through=-lmingw32] ==> ignore
    arg [-plugin-opt=-pass-through=-lgcc] ==> ignore
    arg [-plugin-opt=-pass-through=-lgcc_eh] ==> ignore
    arg [-plugin-opt=-pass-through=-lmoldname] ==> ignore
    arg [-plugin-opt=-pass-through=-lmingwex] ==> ignore
    arg [-plugin-opt=-pass-through=-lmsvcrt] ==> ignore
    arg [-m] ==> ignore
    arg [i386pep] ==> ignore
    arg [-Bdynamic] ==> ignore
    arg [-o] ==> ignore
    arg [cmTC_8a29d.exe] ==> ignore
    arg [C:/msys64/mingw64/bin/../lib/gcc/x86_64-w64-mingw32/9.1.0/../../../../x86_64-w64-mingw32/lib/../lib/crt2.o] ==> ignore
    arg [C:/msys64/mingw64/bin/../lib/gcc/x86_64-w64-mingw32/9.1.0/crtbegin.o] ==> ignore
    arg [-LC:/msys64/mingw64/bin/../lib/gcc/x86_64-w64-mingw32/9.1.0] ==> dir [C:/msys64/mingw64/bin/../lib/gcc/x86_64-w64-mingw32/9.1.0]
    arg [-LC:/msys64/mingw64/bin/../lib/gcc] ==> dir [C:/msys64/mingw64/bin/../lib/gcc]
    arg [-LC:/msys64/mingw64/bin/../lib/gcc/x86_64-w64-mingw32/9.1.0/../../../../x86_64-w64-mingw32/lib/../lib] ==> dir [C:/msys64/mingw64/bin/../lib/gcc/x86_64-w64-mingw32/9.1.0/../../../../x86_64-w64-mingw32/lib/../lib]
    arg [-LC:/msys64/mingw64/bin/../lib/gcc/x86_64-w64-mingw32/9.1.0/../../../../lib] ==> dir [C:/msys64/mingw64/bin/../lib/gcc/x86_64-w64-mingw32/9.1.0/../../../../lib]
    arg [-LC:/msys64/mingw64/bin/../lib/gcc/x86_64-w64-mingw32/9.1.0/../../../../x86_64-w64-mingw32/lib] ==> dir [C:/msys64/mingw64/bin/../lib/gcc/x86_64-w64-mingw32/9.1.0/../../../../x86_64-w64-mingw32/lib]
    arg [-LC:/msys64/mingw64/bin/../lib/gcc/x86_64-w64-mingw32/9.1.0/../../..] ==> dir [C:/msys64/mingw64/bin/../lib/gcc/x86_64-w64-mingw32/9.1.0/../../..]
    arg [CMakeFiles/cmTC_8a29d.dir/CMakeCCompilerABI.c.obj] ==> ignore
    arg [-lmingw32] ==> lib [mingw32]
    arg [-lgcc] ==> lib [gcc]
    arg [-lgcc_eh] ==> lib [gcc_eh]
    arg [-lmoldname] ==> lib [moldname]
    arg [-lmingwex] ==> lib [mingwex]
    arg [-lmsvcrt] ==> lib [msvcrt]
    arg [-lpthread] ==> lib [pthread]
    arg [-ladvapi32] ==> lib [advapi32]
    arg [-lshell32] ==> lib [shell32]
    arg [-luser32] ==> lib [user32]
    arg [-lkernel32] ==> lib [kernel32]
    arg [-lmingw32] ==> lib [mingw32]
    arg [-lgcc] ==> lib [gcc]
    arg [-lgcc_eh] ==> lib [gcc_eh]
    arg [-lmoldname] ==> lib [moldname]
    arg [-lmingwex] ==> lib [mingwex]
    arg [-lmsvcrt] ==> lib [msvcrt]
    arg [C:/msys64/mingw64/bin/../lib/gcc/x86_64-w64-mingw32/9.1.0/../../../../x86_64-w64-mingw32/lib/../lib/default-manifest.o] ==> ignore
    arg [C:/msys64/mingw64/bin/../lib/gcc/x86_64-w64-mingw32/9.1.0/crtend.o] ==> ignore
  remove lib [gcc_eh]
  remove lib [msvcrt]
  remove lib [gcc_eh]
  remove lib [msvcrt]
  collapse library dir [C:/msys64/mingw64/bin/../lib/gcc/x86_64-w64-mingw32/9.1.0] ==> [C:/msys64/mingw64/lib/gcc/x86_64-w64-mingw32/9.1.0]
  collapse library dir [C:/msys64/mingw64/bin/../lib/gcc] ==> [C:/msys64/mingw64/lib/gcc]
  collapse library dir [C:/msys64/mingw64/bin/../lib/gcc/x86_64-w64-mingw32/9.1.0/../../../../x86_64-w64-mingw32/lib/../lib] ==> [C:/msys64/mingw64/x86_64-w64-mingw32/lib]
  collapse library dir [C:/msys64/mingw64/bin/../lib/gcc/x86_64-w64-mingw32/9.1.0/../../../../lib] ==> [C:/msys64/mingw64/lib]
  collapse library dir [C:/msys64/mingw64/bin/../lib/gcc/x86_64-w64-mingw32/9.1.0/../../../../x86_64-w64-mingw32/lib] ==> [C:/msys64/mingw64/x86_64-w64-mingw32/lib]
  collapse library dir [C:/msys64/mingw64/bin/../lib/gcc/x86_64-w64-mingw32/9.1.0/../../..] ==> [C:/msys64/mingw64/lib]
  implicit libs: [mingw32;gcc;moldname;mingwex;pthread;advapi32;shell32;user32;kernel32;mingw32;gcc;moldname;mingwex]
  implicit dirs: [C:/msys64/mingw64/lib/gcc/x86_64-w64-mingw32/9.1.0;C:/msys64/mingw64/lib/gcc;C:/msys64/mingw64/x86_64-w64-mingw32/lib;C:/msys64/mingw64/lib]
  implicit fwks: []




Detecting C [-std=c11] compiler features compiled with the following output:
Change Dir: /d/Gtk3/github/g2c-3/CMakeFiles/CMakeTmp

Run Build Command(s):/usr/bin/make.exe cmTC_1940a/fast 
/usr/bin/make -f CMakeFiles/cmTC_1940a.dir/build.make CMakeFiles/cmTC_1940a.dir/build
make[1]: Entering directory '/d/Gtk3/github/g2c-3/CMakeFiles/CMakeTmp'
Building C object CMakeFiles/cmTC_1940a.dir/feature_tests.c.obj
/mingw64/bin/cc.exe   -std=c11 -o CMakeFiles/cmTC_1940a.dir/feature_tests.c.obj   -c /d/Gtk3/github/g2c-3/CMakeFiles/feature_tests.c
Linking C executable cmTC_1940a
/usr/bin/cmake.exe -E cmake_link_script CMakeFiles/cmTC_1940a.dir/link.txt --verbose=1
/mingw64/bin/cc.exe      CMakeFiles/cmTC_1940a.dir/feature_tests.c.obj  -o cmTC_1940a 
make[1]: Leaving directory '/d/Gtk3/github/g2c-3/CMakeFiles/CMakeTmp'


    Feature record: C_FEATURE:1c_function_prototypes
    Feature record: C_FEATURE:1c_restrict
    Feature record: C_FEATURE:1c_static_assert
    Feature record: C_FEATURE:1c_variadic_macros


Detecting C [-std=c99] compiler features compiled with the following output:
Change Dir: /d/Gtk3/github/g2c-3/CMakeFiles/CMakeTmp

Run Build Command(s):/usr/bin/make.exe cmTC_d8492/fast 
/usr/bin/make -f CMakeFiles/cmTC_d8492.dir/build.make CMakeFiles/cmTC_d8492.dir/build
make[1]: Entering directory '/d/Gtk3/github/g2c-3/CMakeFiles/CMakeTmp'
Building C object CMakeFiles/cmTC_d8492.dir/feature_tests.c.obj
/mingw64/bin/cc.exe   -std=c99 -o CMakeFiles/cmTC_d8492.dir/feature_tests.c.obj   -c /d/Gtk3/github/g2c-3/CMakeFiles/feature_tests.c
Linking C executable cmTC_d8492
/usr/bin/cmake.exe -E cmake_link_script CMakeFiles/cmTC_d8492.dir/link.txt --verbose=1
/mingw64/bin/cc.exe      CMakeFiles/cmTC_d8492.dir/feature_tests.c.obj  -o cmTC_d8492 
make[1]: Leaving directory '/d/Gtk3/github/g2c-3/CMakeFiles/CMakeTmp'


    Feature record: C_FEATURE:1c_function_prototypes
    Feature record: C_FEATURE:1c_restrict
    Feature record: C_FEATURE:0c_static_assert
    Feature record: C_FEATURE:1c_variadic_macros


Detecting C [-std=c90] compiler features compiled with the following output:
Change Dir: /d/Gtk3/github/g2c-3/CMakeFiles/CMakeTmp

Run Build Command(s):/usr/bin/make.exe cmTC_8ab99/fast 
/usr/bin/make -f CMakeFiles/cmTC_8ab99.dir/build.make CMakeFiles/cmTC_8ab99.dir/build
make[1]: Entering directory '/d/Gtk3/github/g2c-3/CMakeFiles/CMakeTmp'
Building C object CMakeFiles/cmTC_8ab99.dir/feature_tests.c.obj
/mingw64/bin/cc.exe   -std=c90 -o CMakeFiles/cmTC_8ab99.dir/feature_tests.c.obj   -c /d/Gtk3/github/g2c-3/CMakeFiles/feature_tests.c
Linking C executable cmTC_8ab99
/usr/bin/cmake.exe -E cmake_link_script CMakeFiles/cmTC_8ab99.dir/link.txt --verbose=1
/mingw64/bin/cc.exe      CMakeFiles/cmTC_8ab99.dir/feature_tests.c.obj  -o cmTC_8ab99 
make[1]: Leaving directory '/d/Gtk3/github/g2c-3/CMakeFiles/CMakeTmp'


    Feature record: C_FEATURE:1c_function_prototypes
    Feature record: C_FEATURE:0c_restrict
    Feature record: C_FEATURE:0c_static_assert
    Feature record: C_FEATURE:0c_variadic_macros
